dis 25.5179, ang -0.00129406/-0.0741443, rmsd 0.659319 | f 1.8053 58.1283 43000 | torq -0.333019 422.516 43000
dis 25.5172, ang 1.04606/59.935, rmsd 0.657452 | f 2.68638 58.1738 42500 | torq 2.63269 421.704 42500
dis 25.5247, ang 2.09288/119.913, rmsd 0.670032 | f 1.59403 57.9912 42500 | torq 0.0709517 424.38 42500
dis 25.5267, ang 3.13885/179.843, rmsd 0.664076 | f 1.67129 58.0977 42500 | torq -4.31906 423.371 42500
dis 25.5121, ang -2.09552/-120.064, rmsd 0.65746 | f 0.461852 58.3093 42500 | torq -2.22409 426.383 42500
dis 25.5151, ang -1.0454/-59.897, rmsd 0.65519 | f 2.67928 57.9011 42500 | torq -0.0133542 423.484 42500
dis 25.0179, ang -0.00129406/-0.0741443, rmsd 0.659319 | f 3.24473 58.3165 48000 | torq 0.737668 424.494 48000
dis 25.0216, ang 1.04688/59.9817, rmsd 0.650808 | f 2.84936 57.8187 37500 | torq 3.06804 420.84 37500
dis 25.0158, ang 2.09586/120.084, rmsd 0.643826 | f 1.89882 57.8206 37500 | torq -1.92257 426.524 37500
dis 25.0073, ang -3.14108/-179.971, rmsd 0.666122 | f 2.33707 58.8026 37500 | torq -2.96516 427.338 37500
dis 25.0094, ang -2.09396/-119.975, rmsd 0.668858 | f 1.13215 58.5981 37500 | torq -0.738429 424.812 37500
dis 24.999, ang -1.04694/-59.9855, rmsd 0.675736 | f 1.99761 58.162 37500 | torq 5.2229 426.53 37500
dis 24.5179, ang -0.00129406/-0.0741443, rmsd 0.659319 | f 4.04599 57.9699 43000 | torq 5.73586 423.465 43000
dis 24.5034, ang 1.04521/59.8861, rmsd 0.65212 | f 0.974769 58.1291 42500 | torq -2.22134 425.962 42500
dis 24.5306, ang 2.09159/119.839, rmsd 0.650972 | f 3.84491 58.3088 42500 | torq 2.91696 424.83 42500
dis 24.532, ang 3.14077/179.953, rmsd 0.666057 | f 2.1287 58.2669 42500 | torq -0.946941 428.6 42500
dis 24.5141, ang -2.09283/-119.911, rmsd 0.65934 | f 2.40903 58.3204 42500 | torq 3.79661 427.527 42500
dis 24.5021, ang -1.05071/-60.2014, rmsd 0.663819 | f 0.233502 58.0277 42500 | torq 2.08005 425.4 42500
dis 24.0179, ang -0.00129406/-0.0741443, rmsd 0.659319 | f 0.961437 57.6329 48000 | torq 2.97407 420.156 48000
dis 24.0216, ang 1.04687/59.9812, rmsd 0.655702 | f -0.705479 57.7749 37500 | torq -2.01361 424.467 37500
dis 24.0243, ang 2.09519/120.046, rmsd 0.65904 | f 2.12099 57.8709 37500 | torq -4.31098 423.986 37500
dis 24.0144, ang 3.13806/179.798, rmsd 0.6814 | f 4.12063 58.3944 37500 | torq -3.08788 424.879 37500
dis 24.0003, ang -2.09573/-120.076, rmsd 0.650284 | f 3.02833 58.3519 37500 | torq 7.9022 426.028 37500
dis 24.0313, ang -1.0493/-60.1204, rmsd 0.66436 | f -1.50378 57.6265 37500 | torq -0.113096 423.309 37500
dis 23.5179, ang -0.00129406/-0.0741443, rmsd 0.659319 | f -2.93841 57.831 43000 | torq -2.55624 421.549 43000
dis 23.5138, ang 1.04245/59.7279, rmsd 0.661694 | f 1.88266 58.032 35000 | torq -0.301811 423.92 35000
dis 23.5135, ang 2.09291/119.915, rmsd 0.656384 | f 0.212012 58.3848 35000 | torq -12.2375 424.175 35000
dis 23.5136, ang 3.13905/179.854, rmsd 0.660393 | f 8.1223 58.2337 35000 | torq -0.892342 426.165 35000
dis 23.5234, ang -2.09582/-120.081, rmsd 0.654996 | f 2.68958 58.3996 35000 | torq 5.81879 424.804 35000
dis 23.5, ang -1.049/-60, rmsd 0.6 | f 0.0 60.0 35000 | torq 0.0 424.804 35000
dis 23.0179, ang -0.00129406/-0.0741443, rmsd 0.659319 | f -1.45968 57.9568 48000 | torq -9.02833 423.835 48000
dis 22.9945, ang 1.04508/59.8789, rmsd 0.653733 | f 6.67872 57.6673 42500 | torq 3.28335 422.873 42500
dis 23.0196, ang 2.09659/120.126, rmsd 0.654701 | f -0.00580668 58.1931 42500 | torq -6.55841 425.294 42500
dis 23.026, ang 3.14141/179.99, rmsd 0.663507 | f 4.98 58.2652 42500 | torq 3.17502 424.907 42500
dis 23.0266, ang -2.09327/-119.936, rmsd 0.652604 | f 0.143994 57.1447 42500 | torq -8.39295 425.169 42500
dis 23.0003, ang -1.05049/-60.1884, rmsd 0.662383 | f 6.44359 57.9197 42500 | torq -7.27177 425.339 42500
dis 22.5179, ang -0.00129406/-0.0741443, rmsd 0.659319 | f 11.0125 58.4033 39000 | torq -14.2725 424.111 39000
dis 22.538, ang 1.04231/59.7197, rmsd 0.670382 | f 8.72166 57.9739 55000 | torq 19.9937 424.343 55000
dis 22.5379, ang 2.09618/120.102, rmsd 0.655114 | f 0.511637 58.2155 55000 | torq -4.8482 424.794 55000
dis 22.5245, ang 3.14123/179.979, rmsd 0.664522 | f 10.5046 58.2353 55000 | torq 7.67368 423.415 55000
dis 22.5154, ang -2.09608/-120.097, rmsd 0.658523 | f -0.477459 58.369 55000 | torq -8.25845 426.111 55000
dis 22.5124, ang -1.04602/-59.9327, rmsd 0.657617 | f 8.17004 58.2468 55000 | torq -6.07012 425.246 55000
