# 42
25.5179 -0.000886385 2.51066 0.637768 1.8053 -3.01316
25.5172 1.04642 -2.25842 0.635117 2.68638 5.65654
25.5247 2.09335 -7.6867 0.640055 1.59403 1.15029
25.5267 3.13931 -9.16747 0.643196 1.67129 -10.0808
25.5121 4.18817 -3.10991 0.641846 0.461852 -0.844116
25.5151 5.23816 0.121249 0.63444 2.67928 -0.81407
25.5179 6.2823 2.51066 0.637768 1.8053 -3.01316

25.0179 -0.000886385 3.7809 0.627771 3.24473 -3.98124
25.0216 1.04719 -0.893787 0.623059 2.84936 3.58418
25.0158 2.09623 -6.79018 0.628073 1.89882 0.422504
25.0073 3.14251 -8.10856 0.630601 2.33707 -11.1611
25.0094 4.18978 -2.71345 0.629648 1.13215 0.223156
24.999 5.23663 1.3316 0.621817 1.99761 -0.709934
25.0179 6.2823 3.7809 0.627771 3.24473 -3.98124

24.5179 -0.000886385 5.62112 0.621264 4.04599 3.82464
24.5034 1.04572 0.0946933 0.616186 0.974769 3.58
24.5306 2.09208 -5.35873 0.621472 3.84491 10.6555
24.532 3.14119 -7.07735 0.62418 2.1287 4.1512
24.5141 4.19061 -1.8478 0.622783 2.40903 -3.49856
24.5021 5.23293 1.89882 0.615648 0.233502 1.35162
24.5179 6.2823 5.62112 0.621264 4.04599 3.82464

24.0179 -0.000886385 6.9064 0.619454 0.961437 8.29796
24.0216 1.04742 0.139149 0.613618 -0.705479 3.37832
24.0243 2.0955 -3.85771 0.618231 2.12099 -1.02358
24.0144 3.13857 -5.47408 0.620762 4.12063 7.02514
24.0003 4.18783 -0.454012 0.619757 3.02833 6.17518
24.0313 5.23438 1.60228 0.612827 -1.50378 -1.05277
24.0179 6.2823 6.9064 0.619454 0.961437 8.29796

23.5179 -0.000886385 6.46474 0.620868 -2.93841 6.58616
23.5138 1.0429 0.44734 0.615097 1.88266 6.57724
23.5135 2.09324 -3.29205 0.619719 0.212012 -24.1266
23.5136 3.13948 -2.4692 0.622404 8.1223 10.8356
23.5234 4.18787 0.916901 0.621199 2.68958 16.097
23.5109 5.23638 2.03595 0.614413 3.16483 -9.8623
23.5179 6.2823 6.46474 0.620868 -2.93841 6.58616

23.0179 -0.000886385 5.42142 0.62668 -1.45968 0.528322
22.9945 1.04552 2.66051 0.623018 6.67872 13.1505
23.0196 2.09693 -3.19102 0.626332 -0.00580668 -10.9916
23.026 3.14192 0.630429 0.628714 4.98 -7.67384
23.0266 4.19029 1.65265 0.627368 0.143994 -15.261
23.0003 5.23314 4.45274 0.622198 6.44359 -8.8167
23.0179 6.2823 5.42142 0.62668 -1.45968 0.528322

22.5179 -0.000886385 7.85218 0.636442 11.0125 -34.3932
22.538 1.04267 6.24695 0.631933 8.72166 19.6958
22.5379 2.09655 -3.07885 0.635142 0.511637 6.53232
22.5245 3.14162 4.44203 0.638045 10.5046 -19.6589
22.5154 4.18732 1.53309 0.63673 -0.477459 -25.2356
22.5124 5.23782 8.06549 0.63208 8.17004 -18.4917
22.5179 6.2823 7.85218 0.636442 11.0125 -34.3932
