dis 25.5179, ang -0.000886385/-0.0507861, rmsd 0.659319 | f 1.8053 58.1283 43000 | torq -3.01316 597.388 43000| symmtorq -0.3330195 422.5165 43000 
dis 25.5172, ang 1.04642/59.9554, rmsd 0.657452 | f 2.68638 58.1738 42500 | torq 5.65654 596.294 42500| symmtorq 2.632685 421.7035 42500 
dis 25.5247, ang 2.09335/119.94, rmsd 0.670032 | f 1.59403 57.9912 42500 | torq 1.150288 605.25 42500| symmtorq 0.0709515 424.3795 42500 
dis 25.5267, ang 3.13931/179.869, rmsd 0.664076 | f 1.67129 58.0977 42500 | torq -10.08076 600.392 42500| symmtorq -4.319065 423.3715 42500 
dis 25.5121, ang 4.18817/239.965, rmsd 0.65746 | f 0.461852 58.3093 42500 | torq -0.844116 607.04 42500| symmtorq -2.224095 426.3835 42500 
dis 25.5151, ang 5.23816/300.125, rmsd 0.65519 | f 2.67928 57.9011 42500 | torq -0.81407 602.702 42500| symmtorq -0.01335415 423.484 42500 
dis 25.0179, ang -0.000886385/-0.0507861, rmsd 0.659319 | f 3.24473 58.3165 48000 | torq -3.98124 596.886 48000| symmtorq 0.73767 424.494 48000 
dis 25.0216, ang 1.04719/59.9995, rmsd 0.650808 | f 2.84936 57.8187 37500 | torq 3.58418 598.208 37500| symmtorq 3.06804 420.8395 37500 
dis 25.0158, ang 2.09623/120.105, rmsd 0.643826 | f 1.89882 57.8206 37500 | torq 0.422504 604.992 37500| symmtorq -1.92257 426.524 37500 
dis 25.0073, ang 3.14251/180.053, rmsd 0.666122 | f 2.33707 58.8026 37500 | torq -11.16112 606.626 37500| symmtorq -2.965165 427.338 37500 
dis 25.0094, ang 4.18978/240.057, rmsd 0.668858 | f 1.13215 58.5981 37500 | torq 0.223156 600.888 37500| symmtorq -0.73843 424.8115 37500 
dis 24.999, ang 5.23663/300.037, rmsd 0.675736 | f 1.99761 58.162 37500 | torq -0.709934 604.15 37500| symmtorq 5.2229 426.5295 37500 
dis 24.5179, ang -0.000886385/-0.0507861, rmsd 0.659319 | f 4.04599 57.9699 43000 | torq 3.82464 600.106 43000| symmtorq 5.73585 423.465 43000 
dis 24.5034, ang 1.04572/59.9156, rmsd 0.65212 | f 0.974769 58.1291 42500 | torq 3.58 600.32 42500| symmtorq -2.221335 425.9615 42500 
dis 24.5306, ang 2.09208/119.867, rmsd 0.650972 | f 3.84491 58.3088 42500 | torq 10.65548 601.314 42500| symmtorq 2.91696 424.8305 42500 
dis 24.532, ang 3.14119/179.977, rmsd 0.666057 | f 2.1287 58.2669 42500 | torq 4.1512 607.78 42500| symmtorq -0.94694 428.6 42500 
dis 24.5141, ang 4.19061/240.104, rmsd 0.65934 | f 2.40903 58.3204 42500 | torq -3.49856 603.86 42500| symmtorq 3.796605 427.5275 42500 
dis 24.5021, ang 5.23293/299.825, rmsd 0.663819 | f 0.233502 58.0277 42500 | torq 1.351616 606.21 42500| symmtorq 2.08005 425.4005 42500 
dis 24.0179, ang -0.000886385/-0.0507861, rmsd 0.659319 | f 0.961437 57.6329 48000 | torq 8.29796 597.368 48000| symmtorq 2.974065 420.156 48000 
dis 24.0216, ang 1.04742/60.0129, rmsd 0.655702 | f -0.705479 57.7749 37500 | torq 3.37832 596.69 37500| symmtorq -2.01361 424.467 37500 
dis 24.0243, ang 2.0955/120.063, rmsd 0.65904 | f 2.12099 57.8709 37500 | torq -1.02358 602.6 37500| symmtorq -4.31098 423.9855 37500 
dis 24.0144, ang 3.13857/179.827, rmsd 0.6814 | f 4.12063 58.3944 37500 | torq 7.02514 599.778 37500| symmtorq -3.08788 424.8795 37500 
dis 24.0003, ang 4.18783/239.945, rmsd 0.650284 | f 3.02833 58.3519 37500 | torq 6.17518 601.006 37500| symmtorq 7.9022 426.028 37500 
dis 24.0313, ang 5.23438/299.908, rmsd 0.66436 | f -1.50378 57.6265 37500 | torq -1.052768 597.726 37500| symmtorq -0.113096 423.309 37500 
dis 23.5179, ang -0.000886385/-0.0507861, rmsd 0.659319 | f -2.93841 57.831 43000 | torq 6.58616 597.02 43000| symmtorq -2.556235 421.5485 43000 
dis 23.5138, ang 1.0429/59.7537, rmsd 0.661694 | f 1.88266 58.032 35000 | torq 6.57724 600.046 35000| symmtorq -0.3018115 423.9205 35000 
dis 23.5135, ang 2.09324/119.934, rmsd 0.656384 | f 0.212012 58.3848 35000 | torq -24.1266 598.768 35000| symmtorq -12.2375 424.175 35000 
dis 23.5136, ang 3.13948/179.879, rmsd 0.660393 | f 8.1223 58.2337 35000 | torq 10.83556 605.42 35000| symmtorq -0.89234 426.1645 35000 
dis 23.5234, ang 4.18787/239.947, rmsd 0.654996 | f 2.68958 58.3996 35000 | torq 16.09698 600.434 35000| symmtorq 5.8188 424.804 35000 
dis 23.5109, ang 5.23638/300.022, rmsd 0.665962 | f 3.16483 57.8299 35000 | torq -9.8623 603.392 35000| symmtorq -0.942915 424.2245 35000 
dis 23.0179, ang -0.000886385/-0.0507861, rmsd 0.659319 | f -1.45968 57.9568 48000 | torq 0.528322 598.05 48000| symmtorq -9.02835 423.835 48000 
dis 22.9945, ang 1.04552/59.9041, rmsd 0.653733 | f 6.67872 57.6673 42500 | torq 13.15046 596.194 42500| symmtorq 3.283355 422.8735 42500 
dis 23.0196, ang 2.09693/120.145, rmsd 0.654701 | f -0.00580668 58.1931 42500 | torq -10.99162 598.872 42500| symmtorq -6.5584 425.294 42500 
dis 23.026, ang 3.14192/180.019, rmsd 0.663507 | f 4.98 58.2652 42500 | torq -7.67384 603.324 42500| symmtorq 3.175015 424.9065 42500 
dis 23.0266, ang 4.19029/240.086, rmsd 0.652604 | f 0.143994 57.1447 42500 | torq -15.261 596.812 42500| symmtorq -8.39295 425.169 42500 
dis 23.0003, ang 5.23314/299.837, rmsd 0.662383 | f 6.44359 57.9197 42500 | torq -8.8167 600.222 42500| symmtorq -7.27175 425.339 42500 
dis 22.5179, ang -0.000886385/-0.0507861, rmsd 0.659319 | f 11.0125 58.4033 39000 | torq -34.3932 599.902 39000| symmtorq -14.2725 424.111 39000 
dis 22.538, ang 1.04267/59.7409, rmsd 0.670382 | f 8.72166 57.9739 55000 | torq 19.69584 597.372 55000| symmtorq 19.9937 424.343 55000 
dis 22.5379, ang 2.09655/120.124, rmsd 0.655114 | f 0.511637 58.2155 55000 | torq 6.53232 601.332 55000| symmtorq -4.8482 424.794 55000 
dis 22.5245, ang 3.14162/180.001, rmsd 0.664522 | f 10.5046 58.2353 55000 | torq -19.65886 599.946 55000| symmtorq 7.6737 423.4155 55000 
dis 22.5154, ang 4.18732/239.916, rmsd 0.658523 | f -0.477459 58.369 55000 | torq -25.2356 601.11 55000| symmtorq -8.25845 426.1105 55000 
dis 22.5124, ang 5.23782/300.105, rmsd 0.657617 | f 8.17004 58.2468 55000 | torq -18.49174 601.354 55000| symmtorq -6.0701 425.2465 55000 

